Content-Type: text/plain; charset="utf-8"
MIME-Version: 1.0
Content-Transfer-Encoding: 8bit
Subject: Password reset on 127.0.0.1:8000
From: webmaster@localhost
To: zahidzaipak@gmail.com
Date: Fri, 16 Dec 2022 19:00:12 -0000
Message-ID: <167121721217.10432.16222939556572009065@DESKTOP-RT6U48Q>


You're receiving this email because you requested a password reset for your user account at 127.0.0.1:8000.

Please go to the following page and choose a new password:

http://127.0.0.1:8000/reset/MQ/bgjgsc-13c5e97c110042430076883a473213e1/

Your username, in case you’ve forgotten: Zahid

Thanks for using our site!

The 127.0.0.1:8000 team



-------------------------------------------------------------------------------
Content-Type: text/plain; charset="utf-8"
MIME-Version: 1.0
Content-Transfer-Encoding: 8bit
Subject: Password reset on 127.0.0.1:8000
From: webmaster@localhost
To: zahidzaipak@gmail.com
Date: Fri, 16 Dec 2022 19:00:12 -0000
Message-ID: <167121721217.10432.13939033111313203732@DESKTOP-RT6U48Q>


You're receiving this email because you requested a password reset for your user account at 127.0.0.1:8000.

Please go to the following page and choose a new password:

http://127.0.0.1:8000/reset/Mg/bgjgsc-1a9c3be0a04507726a3b8f7dc05ddac2/

Your username, in case you’ve forgotten: Raza

Thanks for using our site!

The 127.0.0.1:8000 team



-------------------------------------------------------------------------------
